<?xml version="1.0" encoding="UTF-8"?>
<!-- Generated by org.testng.reporters.JUnitXMLReporter -->
<testsuite ignored="0" hostname="LAPTOP-LG4SJ8C5" failures="2" tests="12" name="running in firefox" time="73.914" errors="0" timestamp="2025-04-01T07:36:42 IST">
  <testcase classname="testScripts.AdminUserTest" name="ExcelCheck" time="0.591"/>
  <testcase classname="testScripts.AdminUserTest" name="verifyNewButtonColor" time="0.787">
    <failure type="java.lang.AssertionError" message="expected [rgba(220, 53, 69, 1)] but found [rgb(220, 53, 69)]">
      <![CDATA[java.lang.AssertionError: expected [rgba(220, 53, 69, 1)] but found [rgb(220, 53, 69)]
at testScripts.AdminUserTest.verifyNewButtonColor(AdminUserTest.java:39)
at java.base/java.util.ArrayList.forEach(ArrayList.java:1597)
at java.base/java.util.concurrent.FutureTask.run(FutureTask.java:317)
at java.base/java.util.concurrent.ThreadPoolExecutor.runWorker(ThreadPoolExecutor.java:1144)
at java.base/java.util.concurrent.ThreadPoolExecutor$Worker.run(ThreadPoolExecutor.java:642)
at java.base/java.lang.Thread.run(Thread.java:1575)
... Removed 21 stack frames]]>
    </failure>
  </testcase> <!-- verifyNewButtonColor -->
  <testcase classname="testScripts.AdminUserTest" name="verifyWhetherAdminisAbleToAddNewUser" time="1.497"/>
  <testcase classname="testScripts.AdminUserTest" name="verifyWhetherAdminisAbleToClickResetButton" time="0.905"/>
  <testcase classname="testScripts.AdminUserTest" name="verifyWhetherAdminisAbleToResetAdminUsersInformation" time="1.197"/>
  <testcase classname="testScripts.AdminUserTest" name="verifyWhetherAdminisAbleToSearchUsers" time="1.435"/>
  <testcase classname="testScripts.AdminUserTest" name="verifyWhetherAdminisAbletoAddUsers" time="1.649"/>
  <testcase classname="testScripts.AdminUserTest" name="verifyWhetherAdminisAbletoAddUsers" time="1.672"/>
  <testcase classname="testScripts.AdminUserTest" name="verifyWhetherAdminisAbletoAddUsers" time="1.692"/>
  <testcase classname="testScripts.AdminUserTest" name="verifyWhetherAdminisabletoCreateNewUser" time="0.787"/>
  <testcase classname="testScripts.AdminUserTest" name="verifyWhetherNewButtonIsClickable" time="1.077"/>
  <testcase classname="testScripts.AdminUserTest" name="verifyWhetherUserIsAbleToClickonStatusButton" time="9.492">
    <failure type="org.openqa.selenium.NoSuchWindowException" message="BrowsingContext does no longer exist
Build info: version: &amp;apos;4.28.1&amp;apos;, revision: &amp;apos;73f5ad48a2&amp;apos;
System info: os.name: &amp;apos;Windows 11&amp;apos;, os.arch: &amp;apos;amd64&amp;apos;, os.version: &amp;apos;10.0&amp;apos;, java.version: &amp;apos;23&amp;apos;
Driver info: org.openqa.selenium.firefox.FirefoxDriver
Command: [bd19d4e5-ad4d-435e-8a97-a8f4b02d162f, findElement {value=(//a[@href=&amp;apos;https://groceryapp.uniqassosiates.com/admin/user/status?id=13198&amp;amp;st=inactive&amp;amp;page_ad=1&amp;apos;])[2], using=xpath}]
Capabilities {acceptInsecureCerts: true, browserName: firefox, browserVersion: 136.0.4, moz:accessibilityChecks: false, moz:buildID: 20250326231000, moz:debuggerAddress: 127.0.0.1:23339, moz:geckodriverVersion: 0.36.0, moz:headless: false, moz:platformVersion: 10.0, moz:processID: 27116, moz:profile: C:\Users\JITHIN~1\AppData\L..., moz:shutdownTimeout: 60000, moz:webdriverClick: true, moz:windowless: false, pageLoadStrategy: normal, platformName: windows, proxy: Proxy(), se:cdp: ws://127.0.0.1:23339/devtoo..., se:cdpVersion: 85.0, setWindowRect: true, strictFileInteractability: false, timeouts: {implicit: 0, pageLoad: 300000, script: 30000}, unhandledPromptBehavior: dismiss and notify, userAgent: Mozilla/5.0 (Windows NT 10....}
Session ID: bd19d4e5-ad4d-435e-8a97-a8f4b02d162f">
      <![CDATA[org.openqa.selenium.NoSuchWindowException: BrowsingContext does no longer exist
Build info: version: '4.28.1', revision: '73f5ad48a2'
System info: os.name: 'Windows 11', os.arch: 'amd64', os.version: '10.0', java.version: '23'
Driver info: org.openqa.selenium.firefox.FirefoxDriver
Command: [bd19d4e5-ad4d-435e-8a97-a8f4b02d162f, findElement {value=(//a[@href='https://groceryapp.uniqassosiates.com/admin/user/status?id=13198&st=inactive&page_ad=1'])[2], using=xpath}]
Capabilities {acceptInsecureCerts: true, browserName: firefox, browserVersion: 136.0.4, moz:accessibilityChecks: false, moz:buildID: 20250326231000, moz:debuggerAddress: 127.0.0.1:23339, moz:geckodriverVersion: 0.36.0, moz:headless: false, moz:platformVersion: 10.0, moz:processID: 27116, moz:profile: C:\Users\JITHIN~1\AppData\L..., moz:shutdownTimeout: 60000, moz:webdriverClick: true, moz:windowless: false, pageLoadStrategy: normal, platformName: windows, proxy: Proxy(), se:cdp: ws://127.0.0.1:23339/devtoo..., se:cdpVersion: 85.0, setWindowRect: true, strictFileInteractability: false, timeouts: {implicit: 0, pageLoad: 300000, script: 30000}, unhandledPromptBehavior: dismiss and notify, userAgent: Mozilla/5.0 (Windows NT 10....}
Session ID: bd19d4e5-ad4d-435e-8a97-a8f4b02d162f
at org.openqa.selenium.remote.ErrorCodec.decode(ErrorCodec.java:167)
at org.openqa.selenium.remote.codec.w3c.W3CHttpResponseCodec.decode(W3CHttpResponseCodec.java:138)
at org.openqa.selenium.remote.codec.w3c.W3CHttpResponseCodec.decode(W3CHttpResponseCodec.java:50)
at org.openqa.selenium.remote.HttpCommandExecutor.execute(HttpCommandExecutor.java:215)
at org.openqa.selenium.remote.service.DriverCommandExecutor.invokeExecute(DriverCommandExecutor.java:216)
at org.openqa.selenium.remote.service.DriverCommandExecutor.execute(DriverCommandExecutor.java:174)
at org.openqa.selenium.remote.RemoteWebDriver.execute(RemoteWebDriver.java:545)
at org.openqa.selenium.remote.ElementLocation$ElementFinder$2.findElement(ElementLocation.java:165)
at org.openqa.selenium.remote.ElementLocation.findElement(ElementLocation.java:59)
at org.openqa.selenium.remote.RemoteWebDriver.findElement(RemoteWebDriver.java:368)
at org.openqa.selenium.remote.RemoteWebDriver.findElement(RemoteWebDriver.java:362)
at org.openqa.selenium.support.pagefactory.DefaultElementLocator.findElement(DefaultElementLocator.java:68)
at org.openqa.selenium.support.pagefactory.internal.LocatingElementHandler.invoke(LocatingElementHandler.java:38)
at jdk.proxy2/jdk.proxy2.$Proxy13.click(Unknown Source)
at pages.AdminUserPage.clickOnStatusButton(AdminUserPage.java:99)
at testScripts.AdminUserTest.verifyWhetherUserIsAbleToClickonStatusButton(AdminUserTest.java:138)
at java.base/java.util.ArrayList.forEach(ArrayList.java:1597)
at java.base/java.util.concurrent.FutureTask.run(FutureTask.java:317)
at java.base/java.util.concurrent.ThreadPoolExecutor.runWorker(ThreadPoolExecutor.java:1144)
at java.base/java.util.concurrent.ThreadPoolExecutor$Worker.run(ThreadPoolExecutor.java:642)
at java.base/java.lang.Thread.run(Thread.java:1575)
... Removed 18 stack frames]]>
    </failure>
  </testcase> <!-- verifyWhetherUserIsAbleToClickonStatusButton -->
</testsuite> <!-- running in firefox -->
